<?xml version="1.0" encoding="UTF-8"?>
<!-- Generated by org.testng.reporters.JUnitReportReporter -->
<testsuite skipped="0" hostname="LAPTOP-S1LVCJIH" name="com.postscripts.Tc_01_GetStatus_Timeline" tests="1" failures="0" timestamp="06 Dec 2018 01:01:54 GMT" time="8.507" errors="0">
  <testcase name="GetStatusTimeLine" time="8.507" classname="com.postscripts.Tc_01_GetStatus_Timeline"/>
</testsuite> <!-- com.postscripts.Tc_01_GetStatus_Timeline -->
