<?xml version="1.0" encoding="UTF-8"?>
<!-- Generated by org.testng.reporters.JUnitReportReporter -->
<testsuite skipped="0" hostname="cl1" name="com.postscripts.Tc_01_CreateJiraIssue" tests="1" failures="0" timestamp="25 Oct 2018 02:23:20 GMT" time="0.108" errors="0">
  <testcase name="createIssue" time="0.108" classname="com.postscripts.Tc_01_CreateJiraIssue"/>
</testsuite> <!-- com.postscripts.Tc_01_CreateJiraIssue -->
